[debug] [2021-11-03T00:23:07.483Z] ----------------------------------------------------------------------
[debug] [2021-11-03T00:23:07.485Z] Command:       C:\Program Files\nodejs\node.exe C:\xampp\htdocs\sidcord\node_modules\firebase-tools\lib\bin\firebase.js emulators:start
[debug] [2021-11-03T00:23:07.486Z] CLI Version:   9.21.0
[debug] [2021-11-03T00:23:07.486Z] Platform:      win32
[debug] [2021-11-03T00:23:07.486Z] Node Version:  v16.5.0
[debug] [2021-11-03T00:23:07.488Z] Time:          Wed Nov 03 2021 07:23:07 GMT+0700 (Indochina Time)
[debug] [2021-11-03T00:23:07.489Z] ----------------------------------------------------------------------
[debug] 
[debug] [2021-11-03T00:23:07.558Z] > command requires scopes: ["email","openid","https://www.googleapis.com/auth/cloudplatformprojects.readonly","https://www.googleapis.com/auth/firebase","https://www.googleapis.com/auth/cloud-platform"]
[debug] [2021-11-03T00:23:07.558Z] > authorizing via signed-in user (zulfazamakarima@gmail.com)
[info] i  emulators: Starting emulators: auth, hosting, storage {"metadata":{"emulator":{"name":"hub"},"message":"Starting emulators: auth, hosting, storage"}}
[debug] [2021-11-03T00:23:07.587Z] [hub] writing locator at C:\Users\ZULFAZ~1\AppData\Local\Temp\hub-sidcord-15021.json
[debug] [2021-11-03T00:23:10.912Z] Ignoring unsupported arg: port {"metadata":{"emulator":{"name":"storage"},"message":"Ignoring unsupported arg: port"}}
[debug] [2021-11-03T00:23:11.142Z] Temp file directory for storage emulator: C:\Users\ZULFAZ~1\AppData\Local\Temp/firebase/storage/blobs {"metadata":{"emulator":{"name":"storage"},"message":"Temp file directory for storage emulator: C:\\Users\\ZULFAZ~1\\AppData\\Local\\Temp/firebase/storage/blobs"}}
[debug] [2021-11-03T00:23:12.022Z] > refreshing access token with scopes: []
[debug] [2021-11-03T00:23:12.023Z] >>> HTTP REQUEST POST https://www.googleapis.com/oauth2/v3/token  
 <request body omitted>
[debug] [2021-11-03T00:23:12.141Z] <<< HTTP RESPONSE 200 {"expires":"Mon, 01 Jan 1990 00:00:00 GMT","date":"Wed, 03 Nov 2021 00:23:12 GMT","pragma":"no-cache","cache-control":"no-cache, no-store, max-age=0, must-revalidate","content-type":"application/json; charset=utf-8","vary":"X-Origin, Referer, Origin,Accept-Encoding","server":"scaffolding on HTTPServer2","x-xss-protection":"0","x-frame-options":"SAMEORIGIN","x-content-type-options":"nosniff","alt-svc":"h3=\":443\"; ma=2592000,h3-29=\":443\"; ma=2592000,h3-Q050=\":443\"; ma=2592000,h3-Q046=\":443\"; ma=2592000,h3-Q043=\":443\"; ma=2592000,quic=\":443\"; ma=2592000; v=\"46,43\"","accept-ranges":"none","transfer-encoding":"chunked"}
[debug] [2021-11-03T00:23:12.168Z] >>> [apiv2][query] GET https://firebasehosting.googleapis.com/v1beta1/projects/sidcord-15021/sites 
[debug] [2021-11-03T00:23:13.498Z] <<< [apiv2][status] GET https://firebasehosting.googleapis.com/v1beta1/projects/sidcord-15021/sites 200
[debug] [2021-11-03T00:23:13.498Z] <<< [apiv2][body] GET https://firebasehosting.googleapis.com/v1beta1/projects/sidcord-15021/sites {"sites":[{"name":"projects/967549859306/sites/sidcord-15021","defaultUrl":"https://sidcord-15021.web.app","appId":"1:967549859306:web:4e7fb178de2b551179ae93","type":"DEFAULT_SITE"}]}
[debug] [2021-11-03T00:23:13.499Z] >>> [apiv2][query] GET https://firebase.googleapis.com/v1beta1/projects/sidcord-15021/webApps/1:967549859306:web:4e7fb178de2b551179ae93/config [none]
[debug] [2021-11-03T00:23:14.991Z] <<< [apiv2][status] GET https://firebase.googleapis.com/v1beta1/projects/sidcord-15021/webApps/1:967549859306:web:4e7fb178de2b551179ae93/config 200
[debug] [2021-11-03T00:23:14.991Z] <<< [apiv2][body] GET https://firebase.googleapis.com/v1beta1/projects/sidcord-15021/webApps/1:967549859306:web:4e7fb178de2b551179ae93/config {"projectId":"sidcord-15021","appId":"1:967549859306:web:4e7fb178de2b551179ae93","storageBucket":"sidcord-15021.appspot.com","locationId":"asia-southeast2","apiKey":"AIzaSyA66AzaZWQNT4ADVwjGm0BivTKVfrAFbag","authDomain":"sidcord-15021.firebaseapp.com","messagingSenderId":"967549859306"}
[info] i  hosting: Serving hosting files from: build {"metadata":{"emulator":{"name":"hosting"},"message":"Serving hosting files from: \u001b[1mbuild\u001b[22m"}}
[info] +  hosting: Local server: http://localhost:7000 {"metadata":{"emulator":{"name":"hosting"},"message":"Local server: \u001b[4m\u001b[1mhttp://localhost:7000\u001b[22m\u001b[24m"}}
[debug] [2021-11-03T00:23:15.019Z] Ignoring unsupported arg: auto_download {"metadata":{"emulator":{"name":"ui"},"message":"Ignoring unsupported arg: auto_download"}}
[debug] [2021-11-03T00:23:15.019Z] Ignoring unsupported arg: port {"metadata":{"emulator":{"name":"ui"},"message":"Ignoring unsupported arg: port"}}
[debug] [2021-11-03T00:23:15.019Z] Starting Emulator UI with command {"binary":"node","args":["C:\\Users\\Zul Faza\\.cache\\firebase\\emulators\\ui-v1.6.4\\server.bundle.js"],"optionalArgs":[],"joinArgs":false} {"metadata":{"emulator":{"name":"ui"},"message":"Starting Emulator UI with command {\"binary\":\"node\",\"args\":[\"C:\\\\Users\\\\Zul Faza\\\\.cache\\\\firebase\\\\emulators\\\\ui-v1.6.4\\\\server.bundle.js\"],\"optionalArgs\":[],\"joinArgs\":false}"}}
[info] i  ui: Emulator UI logging to ui-debug.log {"metadata":{"emulator":{"name":"ui"},"message":"Emulator UI logging to \u001b[1mui-debug.log\u001b[22m"}}
[debug] [2021-11-03T00:23:15.138Z] Web / API server started at localhost:4000
 {"metadata":{"emulator":{"name":"ui"},"message":"Web / API server started at localhost:4000\n"}}
[info] 
┌─────────────────────────────────────────────────────────────┐
│ ✔  All emulators ready! It is now safe to connect your app. │
│ i  View Emulator UI at http://localhost:4000                │
└─────────────────────────────────────────────────────────────┘

┌────────────────┬────────────────┬───────────────────────────────┐
│ Emulator       │ Host:Port      │ View in Emulator UI           │
├────────────────┼────────────────┼───────────────────────────────┤
│ Authentication │ localhost:9099 │ http://localhost:4000/auth    │
├────────────────┼────────────────┼───────────────────────────────┤
│ Hosting        │ localhost:7000 │ n/a                           │
├────────────────┼────────────────┼───────────────────────────────┤
│ Storage        │ localhost:9199 │ http://localhost:4000/storage │
└────────────────┴────────────────┴───────────────────────────────┘
  Emulator Hub running at localhost:4400
  Other reserved ports: 4500

Issues? Report them at https://github.com/firebase/firebase-tools/issues and attach the *-debug.log files.
 
[debug] [2021-11-10T04:19:22.765Z] ----------------------------------------------------------------------
[debug] [2021-11-10T04:19:22.770Z] Command:       C:\Program Files\nodejs\node.exe C:\xampp\htdocs\sidcord\node_modules\firebase-tools\lib\bin\firebase.js emulators:start
[debug] [2021-11-10T04:19:22.771Z] CLI Version:   9.21.0
[debug] [2021-11-10T04:19:22.772Z] Platform:      win32
[debug] [2021-11-10T04:19:22.772Z] Node Version:  v16.5.0
[debug] [2021-11-10T04:19:22.778Z] Time:          Wed Nov 10 2021 11:19:22 GMT+0700 (Indochina Time)
[debug] [2021-11-10T04:19:22.779Z] ----------------------------------------------------------------------
[debug] 
[debug] [2021-11-10T04:19:22.784Z] >>> [apiv2][query] GET https://firebase-public.firebaseio.com/cli.json [none]
[debug] [2021-11-10T04:19:22.986Z] > command requires scopes: ["email","openid","https://www.googleapis.com/auth/cloudplatformprojects.readonly","https://www.googleapis.com/auth/firebase","https://www.googleapis.com/auth/cloud-platform"]
[debug] [2021-11-10T04:19:22.987Z] > authorizing via signed-in user (zulfazamakarima@gmail.com)
[info] i  emulators: Starting emulators: auth, hosting, storage {"metadata":{"emulator":{"name":"hub"},"message":"Starting emulators: auth, hosting, storage"}}
[warn] !  emulators: It seems that you are running multiple instances of the emulator suite for project sidcord-15021. This may result in unexpected behavior. 
[debug] [2021-11-10T04:19:23.022Z] [hub] writing locator at C:\Users\ZULFAZ~1\AppData\Local\Temp\hub-sidcord-15021.json
[debug] [2021-11-10T04:19:31.398Z] Ignoring unsupported arg: port {"metadata":{"emulator":{"name":"storage"},"message":"Ignoring unsupported arg: port"}}
[debug] [2021-11-10T04:19:31.818Z] <<< [apiv2][status] GET https://firebase-public.firebaseio.com/cli.json 200
[debug] [2021-11-10T04:19:31.818Z] <<< [apiv2][body] GET https://firebase-public.firebaseio.com/cli.json {"cloudBuildErrorAfter":1594252800000,"cloudBuildWarnAfter":1590019200000,"defaultNode10After":1594252800000,"minVersion":"3.0.5","node8DeploysDisabledAfter":1613390400000,"node8RuntimeDisabledAfter":1615809600000,"node8WarnAfter":1600128000000}
[debug] [2021-11-10T04:19:32.138Z] Temp file directory for storage emulator: C:\Users\ZULFAZ~1\AppData\Local\Temp/firebase/storage/blobs {"metadata":{"emulator":{"name":"storage"},"message":"Temp file directory for storage emulator: C:\\Users\\ZULFAZ~1\\AppData\\Local\\Temp/firebase/storage/blobs"}}
[debug] [2021-11-10T04:19:33.684Z] > refreshing access token with scopes: []
[debug] [2021-11-10T04:19:33.685Z] >>> HTTP REQUEST POST https://www.googleapis.com/oauth2/v3/token  
 <request body omitted>
[debug] [2021-11-10T04:19:33.805Z] <<< HTTP RESPONSE 200 {"date":"Wed, 10 Nov 2021 04:19:35 GMT","expires":"Mon, 01 Jan 1990 00:00:00 GMT","pragma":"no-cache","cache-control":"no-cache, no-store, max-age=0, must-revalidate","content-type":"application/json; charset=utf-8","vary":"X-Origin, Referer, Origin,Accept-Encoding","server":"scaffolding on HTTPServer2","x-xss-protection":"0","x-frame-options":"SAMEORIGIN","x-content-type-options":"nosniff","alt-svc":"h3=\":443\"; ma=2592000,h3-29=\":443\"; ma=2592000,h3-Q050=\":443\"; ma=2592000,h3-Q046=\":443\"; ma=2592000,h3-Q043=\":443\"; ma=2592000,quic=\":443\"; ma=2592000; v=\"46,43\"","accept-ranges":"none","transfer-encoding":"chunked"}
[debug] [2021-11-10T04:19:33.819Z] >>> [apiv2][query] GET https://firebasehosting.googleapis.com/v1beta1/projects/sidcord-15021/sites 
[debug] [2021-11-10T04:19:34.267Z] <<< [apiv2][status] GET https://firebasehosting.googleapis.com/v1beta1/projects/sidcord-15021/sites 200
[debug] [2021-11-10T04:19:34.268Z] <<< [apiv2][body] GET https://firebasehosting.googleapis.com/v1beta1/projects/sidcord-15021/sites {"sites":[{"name":"projects/967549859306/sites/sidcord-15021","defaultUrl":"https://sidcord-15021.web.app","appId":"1:967549859306:web:4e7fb178de2b551179ae93","type":"DEFAULT_SITE"}]}
[debug] [2021-11-10T04:19:34.268Z] >>> [apiv2][query] GET https://firebase.googleapis.com/v1beta1/projects/sidcord-15021/webApps/1:967549859306:web:4e7fb178de2b551179ae93/config [none]
[debug] [2021-11-10T04:19:35.674Z] <<< [apiv2][status] GET https://firebase.googleapis.com/v1beta1/projects/sidcord-15021/webApps/1:967549859306:web:4e7fb178de2b551179ae93/config 200
[debug] [2021-11-10T04:19:35.675Z] <<< [apiv2][body] GET https://firebase.googleapis.com/v1beta1/projects/sidcord-15021/webApps/1:967549859306:web:4e7fb178de2b551179ae93/config {"projectId":"sidcord-15021","appId":"1:967549859306:web:4e7fb178de2b551179ae93","storageBucket":"sidcord-15021.appspot.com","locationId":"asia-southeast2","apiKey":"AIzaSyA66AzaZWQNT4ADVwjGm0BivTKVfrAFbag","authDomain":"sidcord-15021.firebaseapp.com","messagingSenderId":"967549859306"}
[info] i  hosting: Serving hosting files from: build {"metadata":{"emulator":{"name":"hosting"},"message":"Serving hosting files from: \u001b[1mbuild\u001b[22m"}}
[info] +  hosting: Local server: http://localhost:7000 {"metadata":{"emulator":{"name":"hosting"},"message":"Local server: \u001b[4m\u001b[1mhttp://localhost:7000\u001b[22m\u001b[24m"}}
[debug] [2021-11-10T04:19:35.751Z] Ignoring unsupported arg: auto_download {"metadata":{"emulator":{"name":"ui"},"message":"Ignoring unsupported arg: auto_download"}}
[debug] [2021-11-10T04:19:35.751Z] Ignoring unsupported arg: port {"metadata":{"emulator":{"name":"ui"},"message":"Ignoring unsupported arg: port"}}
[debug] [2021-11-10T04:19:35.752Z] Starting Emulator UI with command {"binary":"node","args":["C:\\Users\\Zul Faza\\.cache\\firebase\\emulators\\ui-v1.6.4\\server.bundle.js"],"optionalArgs":[],"joinArgs":false} {"metadata":{"emulator":{"name":"ui"},"message":"Starting Emulator UI with command {\"binary\":\"node\",\"args\":[\"C:\\\\Users\\\\Zul Faza\\\\.cache\\\\firebase\\\\emulators\\\\ui-v1.6.4\\\\server.bundle.js\"],\"optionalArgs\":[],\"joinArgs\":false}"}}
[info] i  ui: Emulator UI logging to ui-debug.log {"metadata":{"emulator":{"name":"ui"},"message":"Emulator UI logging to \u001b[1mui-debug.log\u001b[22m"}}
[debug] [2021-11-10T04:19:36.211Z] Web / API server started at localhost:4000
 {"metadata":{"emulator":{"name":"ui"},"message":"Web / API server started at localhost:4000\n"}}
[info] 
┌─────────────────────────────────────────────────────────────┐
│ ✔  All emulators ready! It is now safe to connect your app. │
│ i  View Emulator UI at http://localhost:4000                │
└─────────────────────────────────────────────────────────────┘

┌────────────────┬────────────────┬───────────────────────────────┐
│ Emulator       │ Host:Port      │ View in Emulator UI           │
├────────────────┼────────────────┼───────────────────────────────┤
│ Authentication │ localhost:9099 │ http://localhost:4000/auth    │
├────────────────┼────────────────┼───────────────────────────────┤
│ Hosting        │ localhost:7000 │ n/a                           │
├────────────────┼────────────────┼───────────────────────────────┤
│ Storage        │ localhost:9199 │ http://localhost:4000/storage │
└────────────────┴────────────────┴───────────────────────────────┘
  Emulator Hub running at localhost:4400
  Other reserved ports: 4500

Issues? Report them at https://github.com/firebase/firebase-tools/issues and attach the *-debug.log files.
 
